
 ************************************************************
                      PROGRAM SPECTRO 
    SPECTROSCOPIC CONSTANTS AND VIBRATIONAL PROPERTIES

             WRITTEN BY:  JEFFREY F. GAW 
                    AND  ANDREW WILLETTS 


  RUNNING IN:  CARTESIAN --> NORMAL --> INTERNAL COORD MODE
 ************************************************************

 NCART    =    1
 ISOTOP   =   -1
 NBOND    =    2
 NBEND    =    0
 2*NLBEND =    2
 NOFPB    =    0
 NTORS    =    0
 NDERIV   =    4
 ISYMM    =    0
 ICURVQ   =    0
 IDEGNL   =    0
 IFREQ    =    0
 IPRNT    =    0
 NWFRQ    =    0
 NPROP    =    0
 ICORIL   =    0
 IFERM1   =    1
 IFERM2   =    1
 IROTRN   =    0
 ILSQRS   =    0
 IAVERG   =    1
 IREP     =    0
 IPARMF   =    0
 IPARMD   =    0
 IGEOM    =    0
 ITEMP    =  300
 IDARL    =    0
 MAXJ     =    3
 INORM    =    0
 <>
 ISOTOPE #            1

          --- INPUT GEOMETRY IN BOHR


  GEOMETRY ANALYSIS - 1. INITIAL GEOMETRY
                      2. MOVE TO PRINCIPAL AXES
                      3. ROTATE ATOM TO X-AXIS
                         (SYMMETRIC TOP ONLY)


****************************************
 ORIGINAL COORDINATE REPRESENTATION 
****************************************


   MOLECULAR CARTESIAN GEOMETRY (IN A)

ATOM NO.               X              Y              Z              W
    1              0.0000000      0.0000000      0.0000000     62.9395980
    2              0.0000000      0.0000000      1.8288400     12.0000000
    3              0.0000000      0.0000000      2.9993209     14.0030740

   CENTER OF MASS COORDINATES

           CMX            CMY            CMZ
        0.0000000      0.0000000      0.7189552

   CARTESIAN COORDINATES W.R.T. CENTER OF MASS

ATOM NO.               X              Y              Z              W
    1              0.0000000      0.0000000     -0.7189552     62.9395980
    2              0.0000000      0.0000000      1.1098849     12.0000000
    3              0.0000000      0.0000000      2.2803657     14.0030740

   INERTIA TENSOR

             1           2           3
  ------------------------------------------
   1   120.1323289
   2     0.0000000 120.1323289
   3     0.0000000   0.0000000   0.0000000

   EIGENVECTORS OF INERTIA TENSOR

              1           2           3
   ------------------------------------------
    1    0.00000000  0.00000000  1.00000000
    2    0.00000000  1.00000000  0.00000000
    3    1.00000000  0.00000000  0.00000000

**************************************************
 COORDINATE SYSTEM ABOUT PRINCIPAL AXES 
**************************************************


   MOLECULAR PRINCIPAL GEOMETRY (IN A)

ATOM NO.               A              B              C              W
    1              0.0000000      0.0000000      0.7189552     62.9395980
    2              0.0000000      0.0000000     -1.1098849     12.0000000
    3              0.0000000      0.0000000     -2.2803657     14.0030740

   CENTER OF MASS COORDINATES

           CMX            CMY            CMZ
        0.0000000      0.0000000      0.0000000

   INERTIA TENSOR

             1           2           3
  ------------------------------------------
   1   120.1323289
   2     0.0000000 120.1323289
   3     0.0000000   0.0000000   0.0000000

   PRINCIPAL MOMENTS OF INERTIA

              IN AMU.A+2        IN G.CM+2         IN CM-1           IN MHZ
                                (*D+39)
   1          0.12013D+03       0.19949D+02       0.14033D+00       0.42069D+04
   2          0.12013D+03       0.19949D+02       0.14033D+00       0.42069D+04
   3          0.00000D+00       0.00000D+00       0.00000D+00       0.00000D+00

 INTERNUCLEAR DISTANCE MATRIX (IN A)

             1           2           3
  ------------------------------------------
   1     0.0000000
   2     1.8288400   0.0000000
   3     2.9993209   1.1704809   0.0000000

   BOND ANGLES (CENTRAL ATOM FIRST)

   J   I   K    DEGREES     I   J   K    DEGREES    K   I   J    DEGREES   

   2   1   3    180.000     1   2   3      0.000    3   1   2      0.000
 <>

          ------------------------------------------------------------
                             MEMORY ALLOCATION SCHEME 
          ------------------------------------------------------------

 INTEGER DEFAULT ALLOCATION
   ALLOCATION: BLOCK START-     1   FINISH-   238   TOTAL-   237

 REAL DEFAULT ALLOCATION
   ALLOCATION: BLOCK START-   238   FINISH- 20086   TOTAL- 19848

 CUBIC AND QUARTIC ALLOCATION
   ALLOCATION: BLOCK START- 20086   FINISH- 22058   TOTAL-  1972

   ALLOCATION: BLOCK START- 22058   FINISH- 22393   TOTAL-   335

 VIBFX ALLOCATION
   ALLOCATION: BLOCK START- 22393   FINISH- 22627   TOTAL-   234

 LTENSR ALLOCATION
   ALLOCATION: BLOCK START- 22393   FINISH- 22679   TOTAL-   286

 SQHAMP ALLOCATION
   ALLOCATION: BLOCK START- 22393   FINISH- 22441   TOTAL-    48

 UMATRX ALLOCATION
   ALLOCATION: BLOCK START- 22393   FINISH- 22545   TOTAL-   152

 ZETA ALLOCATION
   ALLOCATION: BLOCK START- 22393   FINISH- 22533   TOTAL-   140

 TRNSFM ALLOCATION
   ALLOCATION: BLOCK START- 22679   FINISH- 23059   TOTAL-   380

 FORCE3/FORCE4 ALLOCATION
   ALLOCATION: BLOCK START- 23059   FINISH- 23337   TOTAL-   278

 XCALC/XCALS ALLOCATION
   ALLOCATION: BLOCK START- 23059   FINISH- 23069   TOTAL-    10

 ROTA/ROTS ALLOCATION
   ALLOCATION: BLOCK START- 23059   FINISH- 23311   TOTAL-   252

 INTEN ALLOCATION
   ALLOCATION: BLOCK START- 23337   FINISH- 23337   TOTAL-     0

 DIPTRN ALLOCATION
   ALLOCATION: BLOCK START- 23337   FINISH- 23647   TOTAL-   310

 ATUNIT ALLOCATION
   ALLOCATION: BLOCK START- 23647   FINISH- 26539   TOTAL-  2892

 ITERATE ALLOCATION
   ALLOCATION: BLOCK START- 26539   FINISH- 34270   TOTAL-  7731

 RAMANQ ALLOCATION
   ALLOCATION: BLOCK START- 34270   FINISH- 34270   TOTAL-     0

 INTENR ALLOCATION
   ALLOCATION: BLOCK START- 34270   FINISH- 34270   TOTAL-     0

 HRAMAN ALLOCATION
   ALLOCATION: BLOCK START- 34270   FINISH- 34270   TOTAL-     0

 3RD DERIVATIVE TRANSFORM
   ALLOCATION: BLOCK START- 34270   FINISH- 35090   TOTAL-   820

 FOURTH DERIVATIVE TRANSFORM
   ALLOCATION: BLOCK START- 35090   FINISH- 37575   TOTAL-  2485

 ICURVQ ALLOCATION
   ALLOCATION: BLOCK START- 37575   FINISH- 37747   TOTAL-   172

 LSQRS ALLOCATION
   ALLOCATION: BLOCK START- 37747   FINISH- 38063   TOTAL-   316

 TMATRX ALLOCATION
   ALLOCATION: BLOCK START- 38063   FINISH- 38123   TOTAL-    60

 SEXTIC ALLOCATION
   ALLOCATION: BLOCK START- 38123   FINISH- 38255   TOTAL-   132

 WCALS ALLOCATION
   ALLOCATION: BLOCK START- 38255   FINISH- 38271   TOTAL-    16


   INTEGER MEMORY REQUIRED -     238 Word   ALLOCATED - 3500000 Word


   REAL MEMORY REQUIRED    -   38034 Word   ALLOCATED -******** Word

  *** FILE           15  IS IN SPECTRO 1.x FORMAT ***


   THE NORMAL COORDINATE ANALYSIS BY FX MATRIX METHOD



   SECULAR EQUATIONS
   FXM MATRIX

             1           2           3           4           5           6           7           8           9
  ------------------------------------------------------------------------------------------------------------------
   1     0.0007551
   2     0.0000000   0.0007551
   3     0.0000000   0.0000000   0.0402218
   4    -0.0044314   0.0000000   0.0000000   0.0260059
   5     0.0000000  -0.0044314   0.0000000   0.0000000   0.0260059
   6     0.0000000   0.0000000  -0.0895516   0.0000000   0.0000000   1.6398938
   7     0.0025013   0.0000000   0.0000000  -0.0146792   0.0000000   0.0000000   0.0082858
   8     0.0000000   0.0025013   0.0000000   0.0000000  -0.0146792   0.0000000   0.0000000   0.0082858
   9     0.0000000   0.0000000  -0.0023735   0.0000000   0.0000000  -1.3282243   0.0000000   0.0000000   1.2345939


   *****************************
   ***VIBRATIONAL FREQUENCIES***
   *****************************


   LXM MATRIX

             1           2           3           4           5           6           7           8           9
           2173.13      473.80      243.89      243.89        0.01        0.01        0.00        0.00        0.01
  ------------------------------------------------------------------------------------------------------------------
   1     0.0000000   0.0000000  -0.1442790  -0.0270076  -0.5203948   0.0010291  -0.8410348   0.0174047   0.0000000
   2     0.0000000   0.0000000  -0.0270076   0.1442790   0.0010291   0.5203964  -0.0174047  -0.8410338  -0.0000002
   3    -0.0242127   0.5401587   0.0000000   0.0000000   0.0000000  -0.0000007   0.0000000  -0.0000007   0.8412148
   4     0.0000000   0.0000000   0.8467067   0.1584949   0.3507824  -0.0006937  -0.3672337   0.0075997   0.0000000
   5     0.0000000   0.0000000   0.1584949  -0.8467067  -0.0006937  -0.3507817  -0.0075997  -0.3672344  -0.0000006
   6     0.7586905  -0.5380245   0.0000000   0.0000000   0.0000000  -0.0000003   0.0000000  -0.0000003   0.3673124
   7     0.0000000   0.0000000  -0.4779305  -0.0894637   0.7785481  -0.0015396  -0.3967012   0.0082095   0.0000000
   8     0.0000000   0.0000000  -0.0894637   0.4779305  -0.0015396  -0.7785473  -0.0082095  -0.3967027  -0.0000010
   9    -0.6510011  -0.6471153   0.0000000   0.0000000   0.0000000  -0.0000004   0.0000000  -0.0000003   0.3967862


   LX MATRIX

             1           2           3           4           5           6           7           8           9
           2173.13      473.80      243.89      243.89        0.01        0.01        0.00        0.00        0.01
  ------------------------------------------------------------------------------------------------------------------
   1     0.0000000   0.0000000  -0.0181862  -0.0034043  -0.0655950   0.0001297  -0.1060113   0.0021938   0.0000000
   2     0.0000000   0.0000000  -0.0034043   0.0181862   0.0001297   0.0655952  -0.0021938  -0.1060111   0.0000000
   3    -0.0030520   0.0680862   0.0000000   0.0000000   0.0000000  -0.0000001   0.0000000  -0.0000001   0.1060339
   4     0.0000000   0.0000000   0.2444232   0.0457535   0.1012622  -0.0002002  -0.1060112   0.0021938   0.0000000
   5     0.0000000   0.0000000   0.0457535  -0.2444232  -0.0002002  -0.1012620  -0.0021938  -0.1060114  -0.0000002
   6     0.2190151  -0.1553143   0.0000000   0.0000000   0.0000000  -0.0000001   0.0000000  -0.0000001   0.1060339
   7     0.0000000   0.0000000  -0.1277183  -0.0239076   0.2080529  -0.0004114  -0.1060112   0.0021938   0.0000000
   8     0.0000000   0.0000000  -0.0239076   0.1277183  -0.0004114  -0.2080527  -0.0021939  -0.1060116  -0.0000003
   9    -0.1739683  -0.1729299   0.0000000   0.0000000   0.0000000  -0.0000001   0.0000000  -0.0000001   0.1060339


 *****************************************************************
       LINEAR COMBINATIONS OF THE DEGENERATE MODES OF THE 
       LXM AND LX MATRICES HAVE OCCURRED.  THE NEW MATRICES
       APPEAR AS FOLLOWS :
 *****************************************************************

 THE VALUE OF IZERO:           0
 THE VALUE OF THETA  0.185048293126446     
 cos(theta)  0.982927366130817     
 sin(theta)  0.183994002378160     


   LXM MATRIX

             1           2           3           4
           2173.13      473.80      243.89      243.89
  ------------------------------------------------------
   1     0.0000000   0.0000000  -0.1467850   0.0000000
   2     0.0000000   0.0000000   0.0000000   0.1467850
   3    -0.0242127   0.5401587   0.0000000   0.0000000
   4     0.0000000   0.0000000   0.8614133   0.0000000
   5     0.0000000   0.0000000   0.0000000  -0.8614133
   6     0.7586905  -0.5380245   0.0000000   0.0000000
   7     0.0000000   0.0000000  -0.4862317   0.0000000
   8     0.0000000   0.0000000   0.0000000   0.4862317
   9    -0.6510011  -0.6471153   0.0000000   0.0000000


   LX MATRIX

             1           2           3           4
           2173.13      473.80      243.89      243.89
  ------------------------------------------------------
   1     0.0000000   0.0000000  -0.0185020   0.0000000
   2     0.0000000   0.0000000   0.0000000   0.0185020
   3    -0.0030520   0.0680862   0.0000000   0.0000000
   4     0.0000000   0.0000000   0.2486686   0.0000000
   5     0.0000000   0.0000000   0.0000000  -0.2486686
   6     0.2190151  -0.1553143   0.0000000   0.0000000
   7     0.0000000   0.0000000  -0.1299366   0.0000000
   8     0.0000000   0.0000000   0.0000000   0.1299366
   9    -0.1739683  -0.1729299   0.0000000   0.0000000

 ******************************** 
 CURVILINEAR INTERNAL COORDINATES 
 ******************************** 

 INT COORD NO.    DESCRIPTION           VALUE      ATOMS 

     ( 1)        BOND                        1.82884       1(6 )     2(C )
     ( 2)        BOND                        1.17048       2(C )     3(N )
     ( 3)        LINEAR ANGLE                0.00000       2(C )     1(6 )     3(N )
     ( 4)        LINEAR ANGLE                0.00000       2(C )     1(6 )     3(N )

 FIRST DERIVATIVE OF THE L TENSOR :
 ROWS ARE INT COORDS AND COLUMNS ARE NORMAL COORDS

              1           2           3           4
   ------------------------------------------------------
    1   -0.22206707  0.22340054  0.00000000  0.00000000
    2    0.39298335  0.01761557  0.00000000  0.00000000
    3    0.00000000  0.00000000 -0.46954876  0.00000000
    4    0.00000000  0.00000000  0.00000000  0.46954876

******************************************
 MEAN SQUARE HARMONIC AMPLITUDES AT 30 K
******************************************


 MATRIX OF MEAN SQUARE AMPLITUDES BETWEEN INTERNAL
 COORDINATES: BONDS IN A, ANGLES IN RADS 

              1           2           3           4
   ------------------------------------------------------
    1    0.00215826 -0.00053695  0.00000000  0.00000000
    2   -0.00053695  0.00120905  0.00000000  0.00000000
    3    0.00000000  0.00000000  0.01523946  0.00000000
    4    0.00000000  0.00000000  0.00000000  0.01523946

******************************************
 MEAN SQUARE HARMONIC AMPLITUDES AT 300 K
******************************************


 MATRIX OF MEAN SQUARE AMPLITUDES BETWEEN INTERNAL
 COORDINATES: BONDS IN A, ANGLES IN RADS 

              1           2           3           4
   ------------------------------------------------------
    1    0.00256642 -0.00050481  0.00000000  0.00000000
    2   -0.00050481  0.00121166  0.00000000  0.00000000
    3    0.00000000  0.00000000  0.02896209  0.00000000
    4    0.00000000  0.00000000  0.00000000  0.02896209

 ZETA MATRIX FOR COORDINATE DIRECTION :   1

              1           2           3           4
   ------------------------------------------------------
    1    0.00000000  0.00000000  0.00000000  0.97363756
    2    0.00000000  0.00000000  0.00000000 -0.22810063
    3    0.00000000  0.00000000  0.00000000  0.00000000
    4   -0.97363756  0.22810063  0.00000000  0.00000000

 ZETA MATRIX FOR COORDINATE DIRECTION :   2

              1           2           3           4
   ------------------------------------------------------
    1    0.00000000  0.00000000  0.97363756  0.00000000
    2    0.00000000  0.00000000 -0.22810063  0.00000000
    3   -0.97363756  0.22810063  0.00000000  0.00000000
    4    0.00000000  0.00000000  0.00000000  0.00000000

 ZETA MATRIX FOR COORDINATE DIRECTION :   3

              1           2           3           4
   ------------------------------------------------------
    1    0.00000000  0.00000000  0.00000000  0.00000000
    2    0.00000000  0.00000000  0.00000000  0.00000000
    3    0.00000000  0.00000000  0.00000000 -1.00000000
    4    0.00000000  0.00000000  1.00000000  0.00000000

 THE WILSON A MATRIX IN AMU 1/2 A 
 (ROWS ARE VIB DEG OF FREEDOM, AND COLS COORD PRODUCTS),

              1           2           3           4           5           6
   ------------------------------------------------------------------------------
    1    5.00018918  0.00000000  5.00018918  0.00000000  0.00000000  0.00000000
    2   21.34308843  0.00000000 21.34308843  0.00000000  0.00000000  0.00000000
    3    0.00000000  0.00000000  0.00000000  0.00000000  0.00000000  0.00000000
    4    0.00000000  0.00000000  0.00000000  0.00000000  0.00000000  0.00000000

 THE INVERSE L MATRIX

              1           2           3           4
   ------------------------------------------------------
    1   -0.19209048  2.43609054  0.00000000  0.00000000
    2    4.28532107  2.42154958  0.00000000  0.00000000
    3    0.00000000  0.00000000 -2.12970427  0.00000000
    4    0.00000000  0.00000000  0.00000000  2.12970427

 THE WILSON J MATRIX 
 DERIVATIVE OF THE MOMENT OF INERITA WITH RESPECT TO INT/SYMM COORDS
 (ROWS ARE INTERNAL/SYMMETRY COORD AND COLS COORD PRODUCTS),

              1           2           3           4           5           6
   ------------------------------------------------------------------------------
    1   90.50149775  0.00000000 90.50149775  0.00000000  0.00000000  0.00000000
    2   63.86426048  0.00000000 63.86426048  0.00000000  0.00000000  0.00000000
    3    0.00000000  0.00000000  0.00000000  0.00000000  0.00000000  0.00000000
    4    0.00000000  0.00000000  0.00000000  0.00000000  0.00000000  0.00000000

 QUARTIC CENTRIFUGAL DISTORTION CONSTANTS TAU PRIME 

                       CM -1                    MHz


 TAUP aaaa         -0.0000001872            -0.0056130387
 TAUP bbbb         -0.0000001872            -0.0056130387
 TAUP cccc          0.0000000000             0.0000000000

 TAUP aabb         -0.0000001872            -0.0056130387
 TAUP aacc          0.0000000000             0.0000000000
 TAUP bbcc          0.0000000000             0.0000000000

 LINEAR MOLECULES 
           CM-1                MHz
 De   0.0000000468        0.0014032597
  *** FILE           30  IS IN SPECTRO 1.x FORMAT ***


   *************************************************
   ***THIRD DERIVATIVES W.R.T. NORMAL COORDINATES***
   *************************************************


   F3(QI*QJ*QK) MATRIX (IN CM-1), IVIB =     1

             1           2           3           4
  ------------------------------------------------------
   1      -669.643     -87.264       0.000       0.000
   2       -87.264      47.840       0.000       0.000
   3         0.000       0.000     669.579       0.000
   4         0.000       0.000       0.000     669.579


   F3(QI*QJ*QK) MATRIX (IN CM-1), IVIB =     2

             1           2           3           4
  ------------------------------------------------------
   1       -87.264      47.840       0.000       0.000
   2        47.840    -131.037       0.000       0.000
   3         0.000       0.000      97.789       0.000
   4         0.000       0.000       0.000      97.789


   F3(QI*QJ*QK) MATRIX (IN CM-1), IVIB =     3

             1           2           3           4
  ------------------------------------------------------
   1         0.000       0.000     669.579       0.000
   2         0.000       0.000      97.789       0.000
   3       669.579      97.789       0.000       0.000
   4         0.000       0.000       0.000       0.000


   F3(QI*QJ*QK) MATRIX (IN CM-1), IVIB =     4

             1           2           3           4
  ------------------------------------------------------
   1         0.000       0.000       0.000     669.579
   2         0.000       0.000       0.000      97.789
   3         0.000       0.000       0.000       0.000
   4       669.579      97.789       0.000       0.000


   THE FOURTH ORDER ANHARMONICITY ANALYSIS

  *** FILE           40  IS IN SPECTRO 1.x FORMAT ***


   **************************************************
   ***FOURTH DERIVATIVES W.R.T. NORMAL COORDINATES***
   **************************************************



   F4(QI*QJ*QK*QL) MATRIX (IN CM-1), IVIB =     1      JVIB =     1

             1           2           3           4
  ------------------------------------------------------
   1       189.960      15.403       0.000       0.000
   2        15.403       7.768       0.000       0.000
   3         0.000       0.000    -291.247       0.000
   4         0.000       0.000       0.000    -291.247


   F4(QI*QJ*QK*QL) MATRIX (IN CM-1), IVIB =     2      JVIB =     1

             1           2           3           4
  ------------------------------------------------------
   1        15.403       7.768       0.000       0.000
   2         7.768     -13.883       0.000       0.000
   3         0.000       0.000     -20.267       0.000
   4         0.000       0.000       0.000     -20.267


   F4(QI*QJ*QK*QL) MATRIX (IN CM-1), IVIB =     2      JVIB =     2

             1           2           3           4
  ------------------------------------------------------
   1         7.768     -13.883       0.000       0.000
   2       -13.883      33.532       0.000       0.000
   3         0.000       0.000     -15.140       0.000
   4         0.000       0.000       0.000     -15.140


   F4(QI*QJ*QK*QL) MATRIX (IN CM-1), IVIB =     3      JVIB =     1

             1           2           3           4
  ------------------------------------------------------
   1         0.000       0.000    -291.247       0.000
   2         0.000       0.000     -20.267       0.000
   3      -291.247     -20.267       0.000       0.000
   4         0.000       0.000       0.000       0.000


   F4(QI*QJ*QK*QL) MATRIX (IN CM-1), IVIB =     3      JVIB =     2

             1           2           3           4
  ------------------------------------------------------
   1         0.000       0.000     -20.267       0.000
   2         0.000       0.000     -15.140       0.000
   3       -20.267     -15.140       0.000       0.000
   4         0.000       0.000       0.000       0.000


   F4(QI*QJ*QK*QL) MATRIX (IN CM-1), IVIB =     3      JVIB =     3

             1           2           3           4
  ------------------------------------------------------
   1      -291.247     -20.267       0.000       0.000
   2       -20.267     -15.140       0.000       0.000
   3         0.000       0.000     646.170       0.000
   4         0.000       0.000       0.000     219.106


   F4(QI*QJ*QK*QL) MATRIX (IN CM-1), IVIB =     4      JVIB =     1

             1           2           3           4
  ------------------------------------------------------
   1         0.000       0.000       0.000    -291.247
   2         0.000       0.000       0.000     -20.267
   3         0.000       0.000       0.000       0.000
   4      -291.247     -20.267       0.000       0.000


   F4(QI*QJ*QK*QL) MATRIX (IN CM-1), IVIB =     4      JVIB =     2

             1           2           3           4
  ------------------------------------------------------
   1         0.000       0.000       0.000     -20.267
   2         0.000       0.000       0.000     -15.140
   3         0.000       0.000       0.000       0.000
   4       -20.267     -15.140       0.000       0.000


   F4(QI*QJ*QK*QL) MATRIX (IN CM-1), IVIB =     4      JVIB =     3

             1           2           3           4
  ------------------------------------------------------
   1         0.000       0.000       0.000       0.000
   2         0.000       0.000       0.000       0.000
   3         0.000       0.000       0.000     219.106
   4         0.000       0.000     219.106       0.000


   F4(QI*QJ*QK*QL) MATRIX (IN CM-1), IVIB =     4      JVIB =     4

             1           2           3           4
  ------------------------------------------------------
   1      -291.247     -20.267       0.000       0.000
   2       -20.267     -15.140       0.000       0.000
   3         0.000       0.000     219.106       0.000
   4         0.000       0.000       0.000     646.170

 *************************************************
 QUADRATIC FORCE CONSTANTS IN INTERNAL COORDINATES
 *************************************************

             1           2           3           4
  ------------------------------------------------------
   1     2.5315452
   2     0.0704644  17.2881094
   3     0.0000000   0.0000000   0.1589596
   4     0.0000000   0.0000000   0.0000000   0.1589596

 *********************************************
 CUBIC FORCE CONSTANTS IN INTERNAL COORDINATES
 *********************************************


 INT COORD  INT COORD  INT COORD     VALUE

     1          1          1        -12.07590
     2          1          1         -0.70516
     2          2          1         -0.00137
     2          2          2       -114.92631
     3          1          1          0.00000
     3          2          1          0.00000
     3          2          2          0.00000
     3          3          1         -0.08236
     3          3          2         -0.31430
     3          3          3          0.00000
     4          1          1          0.00000
     4          2          1          0.00000
     4          2          2          0.00000
     4          3          1          0.00000
     4          3          2          0.00000
     4          3          3          0.00000
     4          4          1         -0.08236
     4          4          2         -0.31430
     4          4          3          0.00000
     4          4          4          0.00000
 I J K L           1           1           1           1
 IJKL FRQ4 VALUES VALUE           1   15.6769946039762     
  9.975634927129537E-016  2.552867015757500E-016
 I J K L           2           1           1           1
 IJKL FRQ4 VALUES VALUE           2  0.593537793838599     
  1.143384907413795E-017  3.385640888810193E-018
 I J K L           2           2           1           1
 IJKL FRQ4 VALUES VALUE           3  0.139772431715190     
 -8.720709104522177E-018 -2.355814707386203E-018
 I J K L           2           2           2           1
 IJKL FRQ4 VALUES VALUE           4 -0.116639365263850     
  1.649356777946649E-017  4.030173280536277E-018
 I J K L           2           2           2           2
 IJKL FRQ4 VALUES VALUE           5  0.131543030260828     
 -2.955145111757752E-017 -6.727176987613175E-018
 I J K L           3           1           1           1
 IJKL FRQ4 VALUES VALUE           6 -8.109195909432520E-017
 -3.812341041438429E-018 -1.103016149304286E-017
 I J K L           3           2           1           1
 IJKL FRQ4 VALUES VALUE           7 -3.411859019767257E-017
  2.709799385553615E-017  7.288899212831942E-018
 I J K L           3           2           2           1
 IJKL FRQ4 VALUES VALUE           8 -5.838421316234543E-018
  1.961102241145333E-018  3.755944346311978E-019
 I J K L           3           2           2           2
 IJKL FRQ4 VALUES VALUE           9  2.849330441356759E-018
  6.288167456825375E-019  1.974614637239123E-019
 I J K L           3           3           1           1
 IJKL FRQ4 VALUES VALUE          10  -2.69757267607439     
   2.17830454504139       0.548314873020825     
 I J K L           3           3           2           1
 IJKL FRQ4 VALUES VALUE          11 -8.765200726113161E-002
  6.780109453615135E-002  1.993021979268656E-002
 I J K L           3           3           2           2
 IJKL FRQ4 VALUES VALUE          12 -3.057348109117301E-002
  3.139702268823654E-002  5.748485301368131E-003
 I J K L           3           3           3           1
 IJKL FRQ4 VALUES VALUE          13  4.698650209790196E-017
 -5.226948475416299E-017  5.329100539448950E-018
 I J K L           3           3           3           2
 IJKL FRQ4 VALUES VALUE          14  8.293097475750924E-018
 -3.772061740518496E-019 -9.801398435639582E-018
 I J K L           3           3           3           3
 IJKL FRQ4 VALUES VALUE          15  0.671689374898978     
  5.516928674642171E-002 -0.738446008165097     
 I J K L           4           1           1           1
 IJKL FRQ4 VALUES VALUE          16 -8.694495456503020E-016
  1.184830417916409E-016 -8.842718589705880E-017
 I J K L           4           2           1           1
 IJKL FRQ4 VALUES VALUE          17  2.697466526676153E-015
 -2.124336220009979E-015 -5.235808629999295E-016
 I J K L           4           2           2           1
 IJKL FRQ4 VALUES VALUE          18  1.211066954998778E-016
 -1.709374100738419E-016 -4.974267777588580E-017
 I J K L           4           2           2           2
 IJKL FRQ4 VALUES VALUE          19  1.322031940276340E-016
 -3.783758910389047E-017 -3.274119228177837E-018
 I J K L           4           3           1           1
 IJKL FRQ4 VALUES VALUE          20  1.539614308091078E-015
 -1.236622495237256E-015 -3.202864756630725E-016
 I J K L           4           3           2           1
 IJKL FRQ4 VALUES VALUE          21  5.383744310614169E-017
 -4.041091667030301E-017 -1.234342489519111E-017
 I J K L           4           3           2           2
 IJKL FRQ4 VALUES VALUE          22  1.392063439002954E-017
 -1.442662333372938E-017 -3.065238815899103E-018
 I J K L           4           3           3           1
 IJKL FRQ4 VALUES VALUE          23  1.476184357149099E-016
 -1.592866634119396E-016  1.842343449629599E-017
 I J K L           4           3           3           2
 IJKL FRQ4 VALUES VALUE          24 -2.423909150503741E-016
  2.060775289097980E-018  2.364471257973847E-016
 I J K L           4           3           3           3
 IJKL FRQ4 VALUES VALUE          25 -3.905133640059498E-016
 -3.881220076415100E-017  4.359326573671290E-016
 I J K L           4           4           1           1
 IJKL FRQ4 VALUES VALUE          26  -2.69757267607438     
   2.17830454504138       0.548314873020822     
 I J K L           4           4           2           1
 IJKL FRQ4 VALUES VALUE          27 -8.765200726113109E-002
  6.780109453615095E-002  1.993021979268645E-002
 I J K L           4           4           2           2
 IJKL FRQ4 VALUES VALUE          28 -3.057348109117296E-002
  3.139702268823646E-002  5.748485301368118E-003
 I J K L           4           4           3           1
 IJKL FRQ4 VALUES VALUE          29  1.565890750680104E-017
 -1.742316158472073E-017  1.776366846482955E-018
 I J K L           4           4           3           2
 IJKL FRQ4 VALUES VALUE          30  2.803652109612179E-018
 -1.257353913506058E-019 -3.267132811880124E-018
 I J K L           4           4           3           3
 IJKL FRQ4 VALUES VALUE          31  0.227758907178213     
  1.838976224880712E-002 -0.246148669388365     
 I J K L           4           4           4           1
 IJKL FRQ4 VALUES VALUE          32  4.427686128680131E-016
 -4.778599902358166E-016  5.527030348888773E-017
 I J K L           4           4           4           2
 IJKL FRQ4 VALUES VALUE          33 -7.186666195619834E-016
  6.182325867294206E-018  7.093413773921505E-016
 I J K L           4           4           4           3
 IJKL FRQ4 VALUES VALUE          34 -3.870893724761348E-016
 -3.881220076415077E-017  4.359326573671267E-016
 I J K L           4           4           4           4
 IJKL FRQ4 VALUES VALUE          35  0.671689374898972     
  5.516928674642102E-002 -0.738446008165090     

 ***********************************************
 QUARTIC FORCE CONSTANTS IN INTERNAL COORDINATES
 ***********************************************


 INT COORD  INT COORD  INT COORD  INT COORD   VALUE

     1          1          1          1        51.93129
     2          1          1          1         2.65790
     2          2          1          1         0.46006
     2          2          2          1        -0.10540
     2          2          2          2       652.80753
     3          1          1          1         0.00000
     3          2          1          1         0.00000
     3          2          2          1         0.00000
     3          2          2          2         0.00000
     3          3          1          1         0.55167
     3          3          2          1         0.25126
     3          3          2          2         0.96089
     3          3          3          1         0.00000
     3          3          3          2         0.00000
     3          3          3          3        -0.23838
     4          1          1          1         0.00000
     4          2          1          1         0.00000
     4          2          2          1         0.00000
     4          2          2          2         0.00000
     4          3          1          1         0.00000
     4          3          2          1         0.00000
     4          3          2          2         0.00000
     4          3          3          1         0.00000
     4          3          3          2         0.00000
     4          3          3          3         0.00000
     4          4          1          1         0.55167
     4          4          2          1         0.25126
     4          4          2          2         0.96089
     4          4          3          1         0.00000
     4          4          3          2         0.00000
     4          4          3          3         0.00000
     4          4          4          1         0.00000
     4          4          4          2         0.00000
     4          4          4          3         0.00000
     4          4          4          4        -0.23838

 HARMONIC POTENTIAL ENERGY DISTRIBUTION 
 (ROWS ARE INT/SYMM COORD AND COLS NORMAL COORDS)

             1           2           3           4
           2173.13      473.80      243.89      243.89
  ------------------------------------------------------
   1     0.0426570   0.9573430   0.0000000   0.0000000
   2     0.9573430   0.0426570   0.0000000   0.0000000
   3     0.0000000   0.0000000   1.0000000   0.0000000
   4     0.0000000   0.0000000   0.0000000   1.0000000


 *******************
  RESONANCE TESTING
 *******************

 TOLERANCES FOR RESONANCE TESTING 
 CTOL  =    200.000
 ZTOL  =      0.250
 FTOL1 =    200.000
 F3TOL =     10.000
 DLTOL =   1000.000
 DFTOL =    200.000
 DDTOL =    300.000


 MODE LABELING INFORMATION 
 N1DM  =     2
 N2DM  =     1
 N3DM  =     0

 NON-DEGENERATE MODES :
    1    2

 DOUBLY-DEGENERATE MODES   A:
    3

 DOUBLY-DEGENERATE MODES   B:
    4

 ***********************************************************
               CORIOLIS RESONANCES          WI = WJ
 ***********************************************************
        I    J      WI        WJ       DIFF     ZETA  DeltaALPHA

  NO MODES FOUND TO BE IN CORIOLIS RESONANCE 


 *******************************************************************************
       FERMI RESONANCE           TYPE 1          2WI = WJ
 *******************************************************************************
     I  I    J       WI         WJ         DIFF      PHI IIJ  EST.PERTURB.

  X  3  3    2     243.89     473.80      13.99       97.789      -57.183
  G  3  3    2     243.89     473.80      13.99       97.789

 *******************************************************************************
          FERMI RESONANCE           TYPE 2          WA = WB + WC
 *******************************************************************************
     I  J  K       WI        WJ        WK        PHI IJK   WJ+WK-WI  EST.PERTRB.

  X  2  3  3     473.80     243.89     243.89      97.79      13.99     -57.18

 *****************************************************
     DARLING-DENNISON RESONANCES          2WI = 2WJ
 *****************************************************
    I      J      WI         WJ         DIFF

  NO MODES FOUND TO BE IN DARLING-DENNISON RESONANCE

 <>

 INPUTED FERMI 1 RESONANCE DATA 
 2*MODE      IN RESONANCE WITH 

   3               2

 INPUTED FERMI 2 RESONANCE DATA 
 MODES B+C      IN RESONANCE  
                 WITH MODE A

   3 +  3             2

 T  MATRIX  (COEFFS OF q2J2 OPERATORS) IN CM-1 


 AXES :  IXYZ =    1 JXYZ =    1
             1           2           3           4
  ------------------------------------------------------
   1    -0.0006693
   2    -0.0001076  -0.0006561
   3     0.0000000   0.0000000   0.0007984
   4     0.0000000   0.0000000   0.0000000   0.0006170

 AXES :  IXYZ =    2 JXYZ =    1
             1           2           3           4
  ------------------------------------------------------
   1     0.0000000
   2     0.0000000   0.0000000
   3     0.0000000   0.0000000   0.0000000
   4     0.0000000   0.0000000  -0.0000907   0.0000000

 AXES :  IXYZ =    2 JXYZ =    2
             1           2           3           4
  ------------------------------------------------------
   1    -0.0006693
   2    -0.0001076  -0.0006561
   3     0.0000000   0.0000000   0.0006170
   4     0.0000000   0.0000000   0.0000000   0.0007984

 ALPHA MATRIX FOR LINEAR MOLECULES 


ROTATIONAL CONSTANTS IN CM-1 (MHz) 

        0.1403255108        0.1403255108        0.0000000000
       (   4206.853 )      (   4206.853 )      (      0.000 ) 

FIRST ORDER CORIOLIS SPLITTING IN CM-1
MODE  VALUE 
  3 0.0000000

 ALPHA FOR PRINCIPAL AXIS  B  IN CM-1   (MHZ) 
 (Be =    0.14033 IN CM-1)

    1        0.0006693007          (    20.065 )
    2        0.0006560645          (    19.668 )
    3       -0.0007076992          (   -21.216 )

 VIBRATIONAL CORRECTION TO THE ROTATIONAL CONSTANTS


                                ********
                                 AXIS B 
                                ********

 CORRECTION       (MHz)     BVB IN CM-1     BVB IN MHz               VIBRATIONAL STATE 

  0.0000450        1.350      0.1403705       4208.203     NON-DEG (Vs) :    0    0
                                                           DEGEN   (Vt) :    0

 -0.0006243      -18.716      0.1397012       4188.137     NON-DEG (Vs) :    1    0
                                                           DEGEN   (Vt) :    0

 -0.0006110      -18.319      0.1397145       4188.534     NON-DEG (Vs) :    0    1
                                                           DEGEN   (Vt) :    0

  0.0007527       22.566      0.1410782       4229.419     NON-DEG (Vs) :    0    0
                                                           DEGEN   (Vt) :    1

 -0.0012936      -38.781      0.1390319       4168.072     NON-DEG (Vs) :    2    0
                                                           DEGEN   (Vt) :    0

 -0.0012671      -37.987      0.1390584       4168.866     NON-DEG (Vs) :    0    2
                                                           DEGEN   (Vt) :    0

  0.0014604       43.782      0.1417859       4250.635     NON-DEG (Vs) :    0    0
                                                           DEGEN   (Vt) :    2

 -0.0012803      -38.384      0.1390452       4168.469     NON-DEG (Vs) :    1    1
                                                           DEGEN   (Vt) :    0

  0.0000834        2.501      0.1404089       4209.354     NON-DEG (Vs) :    1    0
                                                           DEGEN   (Vt) :    1

  0.0000967        2.898      0.1404222       4209.751     NON-DEG (Vs) :    0    1
                                                           DEGEN   (Vt) :    1

  IZZ = IXX + IYY FOR LINEAR MOLECULES 

***************************************** 
 SEXTIC CENTRIFUGAL DISTORTION CONSTANTS 
***************************************** 


 SEXTIC DISTORTION CONSTANTS 
                       IN CM-1                  IN Hz
 PHI aaa         -0.1282650827D-13        -0.3845290443D-03
 PHI bbb         -0.1282650827D-13        -0.3845290443D-03
 PHI ccc          0.0000000000D+00         0.0000000000D+00

 PHI aab          0.0000000000D+00         0.0000000000D+00
 PHI abb          0.0000000000D+00         0.0000000000D+00
 PHI aac          0.0000000000D+00         0.0000000000D+00
 PHI bbc          0.0000000000D+00         0.0000000000D+00
 PHI acc          0.0000000000D+00         0.0000000000D+00
 PHI bcc          0.0000000000D+00         0.0000000000D+00
 PHI abc          0.0000000000D+00         0.0000000000D+00


 REPRESENTATION =     3
 WHERE :   1 =   I r
           2 =  II r 
           3 = III r 
           4 =   I l 
           5 =  II l 
           6 = III l 


 LINEAR MOLECULES 
           CM-1                Hz
 He   0.0000000000       -0.0003845290
 THIS IS X1CALS 

                              ******************************
                               ANHARMONIC CONSTANTS IN CM-1
                              ******************************



 ANHARMONIC CONSTANTS FOR WHICH FERMI RESONANCE HAS
 BEEN TAKEN INTO ACCOUNT ARE MARKED WITH AN *


 FOR LINEAR MOLECULES PLEASE ENSURE THAT ta IS ALONG
 THE X-COORDINATE AND tb IS ALONG THE Y.  MOLECULAR
 AXIS IS ASSUMED TO BE THE Z-COORDINATE
 ABOUT TO DO E0 
 THE DUNHAM COEF. NB ONLY RELEVANT IN THERMODYCS  
 ************************* 
 ASYM TOP CONTRIB IS   0.492026988442082     
 LINEAR CONTRIB IS     0.194213593388813     
 SYM TOP CONTRIB IS    0.000000000000000E+000
 E_o IS    0.686240581830895     
 ************************* 

                               NON-DEGENERATE/NON-DEGENERATE X CONSTANTS


****************************************************
 CONTRIBUTIONS TO THE DIAGONAL ANHARMONIC CONSTANTS 
****************************************************


     R  R       QUARTIC           CUBIC            X

     1  1        11.8725099    -23.4915992      -11.619
     2  2         2.0957318     -3.9880279       -1.892

*********************************************************
 CONTRIBUTIONS TO THE OFF DIAGONAL ANHARMONIC CONSTANTS
*********************************************************


     R  S       QUARTIC         CUBIC          CUBIC        ROT CON & ZETA       X

     2  1         1.9420272     -2.3481811     -0.3015250      0.0000000       -0.708

                               DEGENERATE/NON-DEGENERATE X CONSTANTS 


*********************************************************
 CONTRIBUTIONS TO THE OFF DIAGONAL ANHARMONIC CONSTANTS
*********************************************************


     R  S       QUARTIC         CUBIC          CUBIC        ROT CON & ZETA       X

     1  3       -72.8118715     56.0848987     12.1913109      1.2002084       -3.335
     2  3*       -3.7850184      3.0762310     -1.2430925      0.0179419       -1.934

                              DEGENERATE/DEGENERATE X CONSTANTS


****************************************************
 CONTRIBUTIONS TO THE DIAGONAL ANHARMONIC CONSTANTS 
****************************************************


     R  R       QUARTIC           CUBIC            X

     3  3*       40.3856283    -42.2007247       -1.815

                               DEGENERATE/DEGENERATE G CONSTANTS 


******************************************************
 CONTRIBUTIONS TO THE DIAGONAL G ANHARMONIC CONSTANTS 
******************************************************


     R  R       QUARTIC         CUBIC          CUBIC        ROT CON & ZETA       G

     3  3*      -13.4618761     13.8892087      0.0000000      0.0000000        0.427

                              *********************************
                               ROTATIONAL l-TYPE DOUBLING : q+
                              *********************************


 DOUBLING CONSTANTS FOR WHICH CORIOLIS RESONANCE HAS
 BEEN TAKEN INTO ACCOUNT ARE MARKED WITH AN *


    T        ROT CON *(     A**2/4I        ZETA*W         CUBIC )           qt

    3     -0.0001615      0.0000000      1.1233983      0.0000000             -0.0001814

 ANHARMONIC CONSTANTS X IN CM-1

             1           2           3           4
  ------------------------------------------------------
   1       -11.619
   2        -0.708      -1.892
   3        -3.335      -1.934      -1.815
   4        -3.335      -1.934       0.000      -1.815

 ANHARMONIC CONSTANTS G IN CM-1

             1           2           3           4
  ------------------------------------------------------
   1         0.000
   2         0.000       0.000
   3         0.000       0.000       0.427
   4         0.000       0.000       0.000       0.427

                          **********************
                           BAND CENTER ANALYSIS
                          **********************
  MODE         HARMONIC        FUNDAMENTAL       DIFFERENCE

    1          2173.126         2146.198           26.927
    2           473.795          467.723            6.072
    3           243.891          236.238            7.653

                         ************************************************
                          VIBRATIONAL ENERGY AND PROPERTIES IN RESONANCE
                         ************************************************


  Note: zero point energy (ZPE) includes E_0  


 ***************************************
 FERMI RESONANCE BETWEEN : 2v 3 AND v 2
 ***************************************

 phi_{rss}=      97.789  k_{rss}=      48.894   W=      48.894
 State splitting:
 exact (matrix diagonalization)       34.574
 Martin's a priori estimate           35.274 error        0.700
 2nd order perturbation theory        92.457 error       57.883
 Deperturbed (anharmonic)              0.269
 Deperturbed (harmonic)               13.986 error       13.718


 ENERGY MATRIX 

             1           2
  ------------------------------
   1       467.992
   2        34.574     467.723

 EIGENVALUES AND EIGENVECTORS 

             1           2
            433.28      502.43
  ------------------------------
   1    -0.7057321  -0.7084788
   2     0.7084788  -0.7057321

 PERTURBED VIBRATIONALLY AVERAGED ROTATIONAL CONSTANT
                 CM-1                    MHz
  A v 2 =    0.0000000000          (      0.000 )
  B v 2 =    0.1407461713          (   4219.464 )
  C v 2 =    0.0000000000          (      0.000 )

 PERTURBED VIBRATIONALLY AVERAGED ROTATIONAL CONSTANT
                CM-1                     MHz
 A 2v 3 =    0.0000000000          (      0.000 )
 B 2v 3 =    0.1407542176          (   4219.705 )
 C 2v 3 =    0.0000000000          (      0.000 )

 PERTURBED VIBRATIONAL INERTIA DEFECT 
              AMU A**2          CM
  v  2      0.0000000      0.0000000
 2v  3      0.0000000      0.0000000

 STATE NO.     ENERGY (CM-1)         ABOVE ZPT                    VIBRATIONAL STATE


     1           1560.0330              0.0000       NON-DEG (Vs) :    0    0
                                                     DEGEN   (Vt) :    0
                                                     DEGEN   (Vl) :    0

     4           1796.2712            236.2382       NON-DEG (Vs) :    0    0
                                                     DEGEN   (Vt) :    1
                                                     DEGEN   (Vl) :    1

     3           1993.3165            433.2835       NON-DEG (Vs) :    0    1
                                                     DEGEN   (Vt) :    0
                                                     DEGEN   (Vl) :    0

     7           2062.4640            502.4310       NON-DEG (Vs) :    0    0
                                                     DEGEN   (Vt) :    2
                                                     DEGEN   (Vl) :    0

    10           2262.0602            702.0272       NON-DEG (Vs) :    0    1
                                                     DEGEN   (Vt) :    1
                                                     DEGEN   (Vl) :    1

     6           2491.6943            931.6613       NON-DEG (Vs) :    0    2
                                                     DEGEN   (Vt) :    0
                                                     DEGEN   (Vl) :    0

     2           3706.2312           2146.1981       NON-DEG (Vs) :    1    0
                                                     DEGEN   (Vt) :    0
                                                     DEGEN   (Vl) :    0

     9           3939.1339           2379.1009       NON-DEG (Vs) :    1    0
                                                     DEGEN   (Vt) :    1
                                                     DEGEN   (Vl) :    1

     8           4173.2464           2613.2134       NON-DEG (Vs) :    1    1
                                                     DEGEN   (Vt) :    0
                                                     DEGEN   (Vl) :    0

     5           5829.1911           4269.1581       NON-DEG (Vs) :    2    0
                                                     DEGEN   (Vt) :    0
                                                     DEGEN   (Vl) :    0
 <>

 ************************************************ 

         ROTATIONAL ENERGY LEVEL ANALYSIS 

 ************************************************ 

   VIBRATIONAL STATE 
   NON-DEG (Vt) :    0    0    0    0
   DEGEN   (Vs) :    0    0    0    0
   DEGEN   (Vl) :    0    0    0    0

   VIBRATIONALLY AVERAGED ROTATIONAL CONSTANTS


 ROTATIONAL CONSTANTS (CM-1)
        BXS               BYS               BZS
      0.0000450         0.0000000         0.0000450

 ROTATIONAL ENERGIES FOR AN OBLATE TOP   J =    0
    K             CM-1               MHz

    0            0.00000               0.000

 ROTATIONAL ENERGIES FOR AN OBLATE TOP   J =    1
    K             CM-1               MHz

    0            0.00009               2.699
    1            0.00009               2.699

 ROTATIONAL ENERGIES FOR AN OBLATE TOP   J =    2
    K             CM-1               MHz

    0            0.00027               8.097
    1            0.00027               8.097
    2            0.00027               8.097

 ROTATIONAL ENERGIES FOR AN OBLATE TOP   J =    3
    K             CM-1               MHz

    0            0.00054              16.195
    1            0.00054              16.195
    2            0.00054              16.195
    3            0.00054              16.195

   VIBRATIONAL STATE 
   NON-DEG (Vt) :    1    0    0    0
   DEGEN   (Vs) :    0    0    0    0
   DEGEN   (Vl) :    0    0    0    0

   VIBRATIONALLY AVERAGED ROTATIONAL CONSTANTS


 ROTATIONAL CONSTANTS (CM-1)
        BXS               BYS               BZS
     -0.0006243         0.0000000        -0.0006243

 ROTATIONAL ENERGIES FOR AN OBLATE TOP   J =    0
    K             CM-1               MHz

    0            0.00000               0.000

 ROTATIONAL ENERGIES FOR AN OBLATE TOP   J =    1
    K             CM-1               MHz

    0           -0.00125             -37.431
    1           -0.00125             -37.431

 Q-BRANCH SPECTRUM   Evib =      2146.19815 CM-1 (STATE NO.     2 )
    K             CM-1               MHz

    0         2146.19681        64341361.634
    1         2146.19681        64341361.634

 ROTATIONAL ENERGIES FOR AN OBLATE TOP   J =    2
    K             CM-1               MHz

    0           -0.00375            -112.293
    1           -0.00375            -112.293
    2           -0.00375            -112.293

 Q-BRANCH SPECTRUM   Evib =      2146.19815 CM-1 (STATE NO.     2 )
    K             CM-1               MHz

    0         2146.19413        64341281.373
    1         2146.19413        64341281.373
    2         2146.19413        64341281.373

 ROTATIONAL ENERGIES FOR AN OBLATE TOP   J =    3
    K             CM-1               MHz

    0           -0.00749            -224.587
    1           -0.00749            -224.587
    2           -0.00749            -224.587
    3           -0.00749            -224.587

 Q-BRANCH SPECTRUM   Evib =      2146.19815 CM-1 (STATE NO.     2 )
    K             CM-1               MHz

    0         2146.19011        64341160.983
    1         2146.19011        64341160.983
    2         2146.19011        64341160.983
    3         2146.19011        64341160.983

 THE J=K Q-BRANCH SPECTRUM FOR STATE NO.    2
   J=K            CM-1               MHz

    0            0.00000               0.000
    1         2146.19681        64341361.634
    2         2146.19413        64341281.373
    3         2146.19011        64341160.983

   VIBRATIONAL STATE 
   NON-DEG (Vt) :    0    1    0    0
   DEGEN   (Vs) :    0    0    0    0
   DEGEN   (Vl) :    0    0    0    0

   VIBRATIONALLY AVERAGED ROTATIONAL CONSTANTS


 ROTATIONAL CONSTANTS (CM-1)
        BXS               BYS               BZS
     -0.0006110         0.0000000        -0.0006110

 ROTATIONAL ENERGIES FOR AN OBLATE TOP   J =    0
    K             CM-1               MHz

    0            0.00000               0.000

 ROTATIONAL ENERGIES FOR AN OBLATE TOP   J =    1
    K             CM-1               MHz

    0           -0.00122             -36.638
    1           -0.00122             -36.638

 Q-BRANCH SPECTRUM   Evib =       433.28345 CM-1 (STATE NO.     3 )
    K             CM-1               MHz

    0          433.28214        12989471.839
    1          433.28214        12989471.839

 ROTATIONAL ENERGIES FOR AN OBLATE TOP   J =    2
    K             CM-1               MHz

    0           -0.00367            -109.913
    1           -0.00367            -109.913
    2           -0.00367            -109.913

 Q-BRANCH SPECTRUM   Evib =       433.28345 CM-1 (STATE NO.     3 )
    K             CM-1               MHz

    0          433.27952        12989393.166
    1          433.27952        12989393.166
    2          433.27952        12989393.166

 ROTATIONAL ENERGIES FOR AN OBLATE TOP   J =    3
    K             CM-1               MHz

    0           -0.00733            -219.825
    1           -0.00733            -219.825
    2           -0.00733            -219.825
    3           -0.00733            -219.825

 Q-BRANCH SPECTRUM   Evib =       433.28345 CM-1 (STATE NO.     3 )
    K             CM-1               MHz

    0          433.27558        12989275.156
    1          433.27558        12989275.156
    2          433.27558        12989275.156
    3          433.27558        12989275.156

 THE J=K Q-BRANCH SPECTRUM FOR STATE NO.    3
   J=K            CM-1               MHz

    0            0.00000               0.000
    1          433.28214        12989471.839
    2          433.27952        12989393.166
    3          433.27558        12989275.156

   VIBRATIONAL STATE 
   NON-DEG (Vt) :    0    0    0    0
   DEGEN   (Vs) :    1    0    0    0
   DEGEN   (Vl) :    1    0    0    0

   VIBRATIONALLY AVERAGED ROTATIONAL CONSTANTS


 ROTATIONAL CONSTANTS (CM-1)
        BXS               BYS               BZS
      0.0007527         0.0000000         0.0007527

 ROTATIONAL ENERGIES FOR AN OBLATE TOP   J =    0
    K             CM-1               MHz

    0            0.00000               0.000

 ROTATIONAL ENERGIES FOR AN OBLATE TOP   J =    1
    K             CM-1               MHz

    0            0.00151              45.132
    1            0.00151              45.132

 Q-BRANCH SPECTRUM   Evib =       236.23820 CM-1 (STATE NO.     4 )
    K             CM-1               MHz

    0          236.23962         7082285.560
    1          236.23962         7082285.560

 ROTATIONAL ENERGIES FOR AN OBLATE TOP   J =    2
    K             CM-1               MHz

    0            0.00452             135.395
    1            0.00452             135.395
    2            0.00452             135.395

 Q-BRANCH SPECTRUM   Evib =       236.23820 CM-1 (STATE NO.     4 )
    K             CM-1               MHz

    0          236.24245         7082370.425
    1          236.24245         7082370.425
    2          236.24245         7082370.425

 ROTATIONAL ENERGIES FOR AN OBLATE TOP   J =    3
    K             CM-1               MHz

    0            0.00903             270.790
    1            0.00903             270.790
    2            0.00903             270.790
    3            0.00903             270.790

 Q-BRANCH SPECTRUM   Evib =       236.23820 CM-1 (STATE NO.     4 )
    K             CM-1               MHz

    0          236.24669         7082497.723
    1          236.24669         7082497.723
    2          236.24669         7082497.723
    3          236.24669         7082497.723

 THE J=K Q-BRANCH SPECTRUM FOR STATE NO.    4
   J=K            CM-1               MHz

    0            0.00000               0.000
    1          236.23962         7082285.560
    2          236.24245         7082370.425
    3          236.24669         7082497.723

   VIBRATIONAL STATE 
   NON-DEG (Vt) :    2    0    0    0
   DEGEN   (Vs) :    0    0    0    0
   DEGEN   (Vl) :    0    0    0    0

   VIBRATIONALLY AVERAGED ROTATIONAL CONSTANTS


 ROTATIONAL CONSTANTS (CM-1)
        BXS               BYS               BZS
     -0.0012936         0.0000000        -0.0012936

 ROTATIONAL ENERGIES FOR AN OBLATE TOP   J =    0
    K             CM-1               MHz

    0            0.00000               0.000

 ROTATIONAL ENERGIES FOR AN OBLATE TOP   J =    1
    K             CM-1               MHz

    0           -0.00259             -77.561
    1           -0.00259             -77.561

 Q-BRANCH SPECTRUM   Evib =      4269.15811 CM-1 (STATE NO.     5 )
    K             CM-1               MHz

    0         4269.15544       127986060.204
    1         4269.15544       127986060.204

 ROTATIONAL ENERGIES FOR AN OBLATE TOP   J =    2
    K             CM-1               MHz

    0           -0.00776            -232.684
    1           -0.00776            -232.684
    2           -0.00776            -232.684

 Q-BRANCH SPECTRUM   Evib =      4269.15811 CM-1 (STATE NO.     5 )
    K             CM-1               MHz

    0         4269.15008       127985899.683
    1         4269.15008       127985899.683
    2         4269.15008       127985899.683

 ROTATIONAL ENERGIES FOR AN OBLATE TOP   J =    3
    K             CM-1               MHz

    0           -0.01552            -465.368
    1           -0.01552            -465.368
    2           -0.01552            -465.368
    3           -0.01552            -465.368

 Q-BRANCH SPECTRUM   Evib =      4269.15811 CM-1 (STATE NO.     5 )
    K             CM-1               MHz

    0         4269.14205       127985658.901
    1         4269.14205       127985658.901
    2         4269.14205       127985658.901
    3         4269.14205       127985658.901

 THE J=K Q-BRANCH SPECTRUM FOR STATE NO.    5
   J=K            CM-1               MHz

    0            0.00000               0.000
    1         4269.15544       127986060.204
    2         4269.15008       127985899.683
    3         4269.14205       127985658.901

   VIBRATIONAL STATE 
   NON-DEG (Vt) :    0    2    0    0
   DEGEN   (Vs) :    0    0    0    0
   DEGEN   (Vl) :    0    0    0    0

   VIBRATIONALLY AVERAGED ROTATIONAL CONSTANTS


 ROTATIONAL CONSTANTS (CM-1)
        BXS               BYS               BZS
     -0.0012671         0.0000000        -0.0012671

 ROTATIONAL ENERGIES FOR AN OBLATE TOP   J =    0
    K             CM-1               MHz

    0            0.00000               0.000

 ROTATIONAL ENERGIES FOR AN OBLATE TOP   J =    1
    K             CM-1               MHz

    0           -0.00253             -75.974
    1           -0.00253             -75.974

 Q-BRANCH SPECTRUM   Evib =       931.66131 CM-1 (STATE NO.     6 )
    K             CM-1               MHz

    0          931.65868        27930424.699
    1          931.65868        27930424.699

 ROTATIONAL ENERGIES FOR AN OBLATE TOP   J =    2
    K             CM-1               MHz

    0           -0.00760            -227.922
    1           -0.00760            -227.922
    2           -0.00760            -227.922

 Q-BRANCH SPECTRUM   Evib =       931.66131 CM-1 (STATE NO.     6 )
    K             CM-1               MHz

    0          931.65344        27930267.353
    1          931.65344        27930267.353
    2          931.65344        27930267.353

 ROTATIONAL ENERGIES FOR AN OBLATE TOP   J =    3
    K             CM-1               MHz

    0           -0.01521            -455.845
    1           -0.01521            -455.845
    2           -0.01521            -455.845
    3           -0.01521            -455.845

 Q-BRANCH SPECTRUM   Evib =       931.66131 CM-1 (STATE NO.     6 )
    K             CM-1               MHz

    0          931.64556        27930031.333
    1          931.64556        27930031.333
    2          931.64556        27930031.333
    3          931.64556        27930031.333

 THE J=K Q-BRANCH SPECTRUM FOR STATE NO.    6
   J=K            CM-1               MHz

    0            0.00000               0.000
    1          931.65868        27930424.699
    2          931.65344        27930267.353
    3          931.64556        27930031.333

   VIBRATIONAL STATE 
   NON-DEG (Vt) :    0    0    0    0
   DEGEN   (Vs) :    2    0    0    0
   DEGEN   (Vl) :    0    0    0    0

   VIBRATIONALLY AVERAGED ROTATIONAL CONSTANTS


 ROTATIONAL CONSTANTS (CM-1)
        BXS               BYS               BZS
      0.0014604         0.0000000         0.0014604

 ROTATIONAL ENERGIES FOR AN OBLATE TOP   J =    0
    K             CM-1               MHz

    0            0.00000               0.000

 ROTATIONAL ENERGIES FOR AN OBLATE TOP   J =    1
    K             CM-1               MHz

    0            0.00292              87.564
    1            0.00292              87.564

 Q-BRANCH SPECTRUM   Evib =       502.43104 CM-1 (STATE NO.     7 )
    K             CM-1               MHz

    0          502.43387        15062588.576
    1          502.43387        15062588.576

 ROTATIONAL ENERGIES FOR AN OBLATE TOP   J =    2
    K             CM-1               MHz

    0            0.00876             262.693
    1            0.00876             262.693
    2            0.00876             262.693

 Q-BRANCH SPECTRUM   Evib =       502.43104 CM-1 (STATE NO.     7 )
    K             CM-1               MHz

    0          502.43953        15062758.306
    1          502.43953        15062758.306
    2          502.43953        15062758.306

 ROTATIONAL ENERGIES FOR AN OBLATE TOP   J =    3
    K             CM-1               MHz

    0            0.01752             525.386
    1            0.01752             525.386
    2            0.01752             525.386
    3            0.01752             525.386

 Q-BRANCH SPECTRUM   Evib =       502.43104 CM-1 (STATE NO.     7 )
    K             CM-1               MHz

    0          502.44803        15063012.901
    1          502.44803        15063012.901
    2          502.44803        15063012.901
    3          502.44803        15063012.901

 THE J=K Q-BRANCH SPECTRUM FOR STATE NO.    7
   J=K            CM-1               MHz

    0            0.00000               0.000
    1          502.43387        15062588.576
    2          502.43953        15062758.306
    3          502.44803        15063012.901

   VIBRATIONAL STATE 
   NON-DEG (Vt) :    1    1    0    0
   DEGEN   (Vs) :    0    0    0    0
   DEGEN   (Vl) :    0    0    0    0

   VIBRATIONALLY AVERAGED ROTATIONAL CONSTANTS


 ROTATIONAL CONSTANTS (CM-1)
        BXS               BYS               BZS
     -0.0012803         0.0000000        -0.0012803

 ROTATIONAL ENERGIES FOR AN OBLATE TOP   J =    0
    K             CM-1               MHz

    0            0.00000               0.000

 ROTATIONAL ENERGIES FOR AN OBLATE TOP   J =    1
    K             CM-1               MHz

    0           -0.00256             -76.768
    1           -0.00256             -76.768

 Q-BRANCH SPECTRUM   Evib =      2613.21342 CM-1 (STATE NO.     8 )
    K             CM-1               MHz

    0         2613.21077        78342087.912
    1         2613.21077        78342087.912

 ROTATIONAL ENERGIES FOR AN OBLATE TOP   J =    2
    K             CM-1               MHz

    0           -0.00768            -230.303
    1           -0.00768            -230.303
    2           -0.00768            -230.303

 Q-BRANCH SPECTRUM   Evib =      2613.21342 CM-1 (STATE NO.     8 )
    K             CM-1               MHz

    0         2613.20547        78341928.979
    1         2613.20547        78341928.979
    2         2613.20547        78341928.979

 ROTATIONAL ENERGIES FOR AN OBLATE TOP   J =    3
    K             CM-1               MHz

    0           -0.01536            -460.607
    1           -0.01536            -460.607
    2           -0.01536            -460.607
    3           -0.01536            -460.607

 Q-BRANCH SPECTRUM   Evib =      2613.21342 CM-1 (STATE NO.     8 )
    K             CM-1               MHz

    0         2613.19751        78341690.578
    1         2613.19751        78341690.578
    2         2613.19751        78341690.578
    3         2613.19751        78341690.578

 THE J=K Q-BRANCH SPECTRUM FOR STATE NO.    8
   J=K            CM-1               MHz

    0            0.00000               0.000
    1         2613.21077        78342087.912
    2         2613.20547        78341928.979
    3         2613.19751        78341690.578

   VIBRATIONAL STATE 
   NON-DEG (Vt) :    1    0    0    0
   DEGEN   (Vs) :    1    0    0    0
   DEGEN   (Vl) :    1    0    0    0

   VIBRATIONALLY AVERAGED ROTATIONAL CONSTANTS


 ROTATIONAL CONSTANTS (CM-1)
        BXS               BYS               BZS
      0.0000834         0.0000000         0.0000834

 ROTATIONAL ENERGIES FOR AN OBLATE TOP   J =    0
    K             CM-1               MHz

    0            0.00000               0.000

 ROTATIONAL ENERGIES FOR AN OBLATE TOP   J =    1
    K             CM-1               MHz

    0            0.00017               5.001
    1            0.00017               5.001

 Q-BRANCH SPECTRUM   Evib =      2379.10089 CM-1 (STATE NO.     9 )
    K             CM-1               MHz

    0         2379.10097        71323652.816
    1         2379.10097        71323652.816

 ROTATIONAL ENERGIES FOR AN OBLATE TOP   J =    2
    K             CM-1               MHz

    0            0.00050              15.004
    1            0.00050              15.004
    2            0.00050              15.004

 Q-BRANCH SPECTRUM   Evib =      2379.10089 CM-1 (STATE NO.     9 )
    K             CM-1               MHz

    0         2379.10113        71323657.420
    1         2379.10113        71323657.420
    2         2379.10113        71323657.420

 ROTATIONAL ENERGIES FOR AN OBLATE TOP   J =    3
    K             CM-1               MHz

    0            0.00100              30.009
    1            0.00100              30.009
    2            0.00100              30.009
    3            0.00100              30.009

 Q-BRANCH SPECTRUM   Evib =      2379.10089 CM-1 (STATE NO.     9 )
    K             CM-1               MHz

    0         2379.10136        71323664.327
    1         2379.10136        71323664.327
    2         2379.10136        71323664.327
    3         2379.10136        71323664.327

 THE J=K Q-BRANCH SPECTRUM FOR STATE NO.    9
   J=K            CM-1               MHz

    0            0.00000               0.000
    1         2379.10097        71323652.816
    2         2379.10113        71323657.420
    3         2379.10136        71323664.327

   VIBRATIONAL STATE 
   NON-DEG (Vt) :    0    1    0    0
   DEGEN   (Vs) :    1    0    0    0
   DEGEN   (Vl) :    1    0    0    0

   VIBRATIONALLY AVERAGED ROTATIONAL CONSTANTS


 ROTATIONAL CONSTANTS (CM-1)
        BXS               BYS               BZS
      0.0000967         0.0000000         0.0000967

 ROTATIONAL ENERGIES FOR AN OBLATE TOP   J =    0
    K             CM-1               MHz

    0            0.00000               0.000

 ROTATIONAL ENERGIES FOR AN OBLATE TOP   J =    1
    K             CM-1               MHz

    0            0.00019               5.795
    1            0.00019               5.795

 Q-BRANCH SPECTRUM   Evib =       702.02721 CM-1 (STATE NO.    10 )
    K             CM-1               MHz

    0          702.02732        21046249.518
    1          702.02732        21046249.518

 ROTATIONAL ENERGIES FOR AN OBLATE TOP   J =    2
    K             CM-1               MHz

    0            0.00058              17.385
    1            0.00058              17.385
    2            0.00058              17.385

 Q-BRANCH SPECTRUM   Evib =       702.02721 CM-1 (STATE NO.    10 )
    K             CM-1               MHz

    0          702.02752        21046255.709
    1          702.02752        21046255.709
    2          702.02752        21046255.709

 ROTATIONAL ENERGIES FOR AN OBLATE TOP   J =    3
    K             CM-1               MHz

    0            0.00116              34.770
    1            0.00116              34.770
    2            0.00116              34.770
    3            0.00116              34.770

 Q-BRANCH SPECTRUM   Evib =       702.02721 CM-1 (STATE NO.    10 )
    K             CM-1               MHz

    0          702.02783        21046264.997
    1          702.02783        21046264.997
    2          702.02783        21046264.997
    3          702.02783        21046264.997

 THE J=K Q-BRANCH SPECTRUM FOR STATE NO.   10
   J=K            CM-1               MHz

    0            0.00000               0.000
    1          702.02732        21046249.518
    2          702.02752        21046255.709
    3          702.02783        21046264.997

 ************************************************ 
        VIBRATIONALLY AVERAGED COORDINATES        
 ************************************************ 



 FOR THE GROUND STATE, R(ALPHA) EQUALS R(Z) 


 VIBRATIONAL STATE 
 1-DEGN :    0    0
 2-DEGN :    0

 INT COORD TYPE     R(EQUIL)      R(G)          R(ALPHA)

 1)    BOND         1.8288400     1.8345350     1.8318373
 2)    BOND         1.1704809     1.1749623     1.1664976
 3) LINEAR ANGLE    0.0000000     0.0000000     0.0000000

 VIBRATIONAL STATE 
 1-DEGN :    1    0
 2-DEGN :    0

 INT COORD TYPE     R(EQUIL)      R(G)          R(ALPHA)

 1)    BOND         1.8288400     1.8357614     1.8330636
 2)    BOND         1.1704809     1.1829368     1.1744721
 3) LINEAR ANGLE    0.0000000     0.0000000     0.0000000

 VIBRATIONAL STATE 
 1-DEGN :    0    1
 2-DEGN :    0

 INT COORD TYPE     R(EQUIL)      R(G)          R(ALPHA)

 1)    BOND         1.8288400     1.8430804     1.8403827
 2)    BOND         1.1704809     1.1750733     1.1666087
 3) LINEAR ANGLE    0.0000000     0.0000000     0.0000000

 VIBRATIONAL STATE 
 1-DEGN :    0    0
 2-DEGN :    1

 INT COORD TYPE     R(EQUIL)      R(G)          R(ALPHA)

 1)    BOND         1.8288400     1.8361533     1.8280600
 2)    BOND         1.1704809     1.1758397     1.1504457
 3) LINEAR ANGLE    0.0000000     0.0000000     0.0000000

 VIBRATIONAL STATE 
 1-DEGN :    2    0
 2-DEGN :    0

 INT COORD TYPE     R(EQUIL)      R(G)          R(ALPHA)

 1)    BOND         1.8288400     1.8369877     1.8342899
 2)    BOND         1.1704809     1.1909113     1.1824467
 3) LINEAR ANGLE    0.0000000     0.0000000     0.0000000

 VIBRATIONAL STATE 
 1-DEGN :    0    2
 2-DEGN :    0

 INT COORD TYPE     R(EQUIL)      R(G)          R(ALPHA)

 1)    BOND         1.8288400     1.8516258     1.8489281
 2)    BOND         1.1704809     1.1751843     1.1667197
 3) LINEAR ANGLE    0.0000000     0.0000000     0.0000000

 VIBRATIONAL STATE 
 1-DEGN :    0    0
 2-DEGN :    2

 INT COORD TYPE     R(EQUIL)      R(G)          R(ALPHA)

 1)    BOND         1.8288400     1.8377715     1.8242828
 2)    BOND         1.1704809     1.1767170     1.1343937
 3) LINEAR ANGLE    0.0000000     0.0000000     0.0000000

 VIBRATIONAL STATE 
 1-DEGN :    1    1
 2-DEGN :    0

 INT COORD TYPE     R(EQUIL)      R(G)          R(ALPHA)

 1)    BOND         1.8288400     1.8443068     1.8416090
 2)    BOND         1.1704809     1.1830478     1.1745832
 3) LINEAR ANGLE    0.0000000     0.0000000     0.0000000

 VIBRATIONAL STATE 
 1-DEGN :    1    0
 2-DEGN :    1

 INT COORD TYPE     R(EQUIL)      R(G)          R(ALPHA)

 1)    BOND         1.8288400     1.8373796     1.8292864
 2)    BOND         1.1704809     1.1838142     1.1584202
 3) LINEAR ANGLE    0.0000000     0.0000000     0.0000000

 VIBRATIONAL STATE 
 1-DEGN :    0    1
 2-DEGN :    1

 INT COORD TYPE     R(EQUIL)      R(G)          R(ALPHA)

 1)    BOND         1.8288400     1.8446987     1.8366054
 2)    BOND         1.1704809     1.1759507     1.1505567
 3) LINEAR ANGLE    0.0000000     0.0000000     0.0000000
